0 info it worked if it ends with ok
1 verbose cli [ '/usr/local/bin/node',
1 verbose cli   '/usr/local/bin/npm',
1 verbose cli   'install',
1 verbose cli   '--save',
1 verbose cli   '@typings/ws' ]
2 info using npm@3.9.5
3 info using node@v7.0.0-nightly20160621ecc48a154d
4 silly loadCurrentTree Starting
5 silly install loadCurrentTree
6 silly install readLocalPackageData
7 silly fetchPackageMetaData @typings/ws
8 silly fetchNamedPackageData @typings/ws
9 silly mapToRegistry name @typings/ws
10 silly mapToRegistry scope (from package name) @typings
11 verbose mapToRegistry no registry URL found in name for scope @typings
12 silly mapToRegistry using default registry
13 silly mapToRegistry registry https://registry.npmjs.org/
14 silly mapToRegistry data Result {
14 silly mapToRegistry   raw: '@typings/ws',
14 silly mapToRegistry   scope: '@typings',
14 silly mapToRegistry   name: '@typings/ws',
14 silly mapToRegistry   rawSpec: '',
14 silly mapToRegistry   spec: 'latest',
14 silly mapToRegistry   type: 'tag' }
15 silly mapToRegistry uri https://registry.npmjs.org/@typings%2fws
16 verbose request uri https://registry.npmjs.org/@typings%2fws
17 verbose request no auth needed
18 info attempt registry request try #1 at 3:31:45 PM
19 verbose request using bearer token for auth
20 verbose request id 24ca25a29dbd0db7
21 http request GET https://registry.npmjs.org/@typings%2fws
22 http 404 https://registry.npmjs.org/@typings%2fws
23 verbose headers { 'content-type': 'application/json',
23 verbose headers   'cache-control': 'max-age=0',
23 verbose headers   'content-length': '21',
23 verbose headers   'accept-ranges': 'bytes',
23 verbose headers   date: 'Fri, 01 Jul 2016 22:31:47 GMT',
23 verbose headers   via: '1.1 varnish',
23 verbose headers   connection: 'keep-alive',
23 verbose headers   'x-served-by': 'cache-sea1923-SEA',
23 verbose headers   'x-cache': 'MISS',
23 verbose headers   'x-cache-hits': '0',
23 verbose headers   'x-timer': 'S1467412306.420856,VS0,VE874' }
24 silly get cb [ 404,
24 silly get   { 'content-type': 'application/json',
24 silly get     'cache-control': 'max-age=0',
24 silly get     'content-length': '21',
24 silly get     'accept-ranges': 'bytes',
24 silly get     date: 'Fri, 01 Jul 2016 22:31:47 GMT',
24 silly get     via: '1.1 varnish',
24 silly get     connection: 'keep-alive',
24 silly get     'x-served-by': 'cache-sea1923-SEA',
24 silly get     'x-cache': 'MISS',
24 silly get     'x-cache-hits': '0',
24 silly get     'x-timer': 'S1467412306.420856,VS0,VE874' } ]
25 silly fetchPackageMetaData Error: Not found : @typings/ws
25 silly fetchPackageMetaData     at makeError (/usr/local/lib/node_modules/npm/node_modules/npm-registry-client/lib/request.js:264:12)
25 silly fetchPackageMetaData     at CachingRegistryClient.<anonymous> (/usr/local/lib/node_modules/npm/node_modules/npm-registry-client/lib/request.js:252:14)
25 silly fetchPackageMetaData     at Request._callback (/usr/local/lib/node_modules/npm/node_modules/npm-registry-client/lib/request.js:172:14)
25 silly fetchPackageMetaData     at Request.self.callback (/usr/local/lib/node_modules/npm/node_modules/request/request.js:200:22)
25 silly fetchPackageMetaData     at emitTwo (events.js:106:13)
25 silly fetchPackageMetaData     at Request.emit (events.js:191:7)
25 silly fetchPackageMetaData     at Request.<anonymous> (/usr/local/lib/node_modules/npm/node_modules/request/request.js:1067:10)
25 silly fetchPackageMetaData     at emitOne (events.js:101:20)
25 silly fetchPackageMetaData     at Request.emit (events.js:188:7)
25 silly fetchPackageMetaData     at IncomingMessage.<anonymous> (/usr/local/lib/node_modules/npm/node_modules/request/request.js:988:12)
25 silly fetchPackageMetaData  error for @typings/ws { Error: Not found : @typings/ws
25 silly fetchPackageMetaData     at makeError (/usr/local/lib/node_modules/npm/node_modules/npm-registry-client/lib/request.js:264:12)
25 silly fetchPackageMetaData     at CachingRegistryClient.<anonymous> (/usr/local/lib/node_modules/npm/node_modules/npm-registry-client/lib/request.js:252:14)
25 silly fetchPackageMetaData     at Request._callback (/usr/local/lib/node_modules/npm/node_modules/npm-registry-client/lib/request.js:172:14)
25 silly fetchPackageMetaData     at Request.self.callback (/usr/local/lib/node_modules/npm/node_modules/request/request.js:200:22)
25 silly fetchPackageMetaData     at emitTwo (events.js:106:13)
25 silly fetchPackageMetaData     at Request.emit (events.js:191:7)
25 silly fetchPackageMetaData     at Request.<anonymous> (/usr/local/lib/node_modules/npm/node_modules/request/request.js:1067:10)
25 silly fetchPackageMetaData     at emitOne (events.js:101:20)
25 silly fetchPackageMetaData     at Request.emit (events.js:188:7)
25 silly fetchPackageMetaData     at IncomingMessage.<anonymous> (/usr/local/lib/node_modules/npm/node_modules/request/request.js:988:12) pkgid: '@typings/ws', statusCode: 404, code: 'E404' }
26 silly rollbackFailedOptional Starting
27 silly rollbackFailedOptional Finishing
28 silly runTopLevelLifecycles Starting
29 silly runTopLevelLifecycles Finishing
30 silly install printInstalled
31 verbose stack Error: Not found : @typings/ws
31 verbose stack     at makeError (/usr/local/lib/node_modules/npm/node_modules/npm-registry-client/lib/request.js:264:12)
31 verbose stack     at CachingRegistryClient.<anonymous> (/usr/local/lib/node_modules/npm/node_modules/npm-registry-client/lib/request.js:252:14)
31 verbose stack     at Request._callback (/usr/local/lib/node_modules/npm/node_modules/npm-registry-client/lib/request.js:172:14)
31 verbose stack     at Request.self.callback (/usr/local/lib/node_modules/npm/node_modules/request/request.js:200:22)
31 verbose stack     at emitTwo (events.js:106:13)
31 verbose stack     at Request.emit (events.js:191:7)
31 verbose stack     at Request.<anonymous> (/usr/local/lib/node_modules/npm/node_modules/request/request.js:1067:10)
31 verbose stack     at emitOne (events.js:101:20)
31 verbose stack     at Request.emit (events.js:188:7)
31 verbose stack     at IncomingMessage.<anonymous> (/usr/local/lib/node_modules/npm/node_modules/request/request.js:988:12)
32 verbose statusCode 404
33 verbose pkgid @typings/ws
34 verbose cwd /Users/noj/Documents/dev/personal/chrome-remote-debug-interface
35 error Darwin 13.4.0
36 error argv "/usr/local/bin/node" "/usr/local/bin/npm" "install" "--save" "@typings/ws"
37 error node v7.0.0-nightly20160621ecc48a154d
38 error npm  v3.9.5
39 error code E404
40 error 404 Not found : @typings/ws
41 error 404
42 error 404 '@typings/ws' is not in the npm registry.
43 error 404 You should bug the author to publish it (or use the name yourself!)
44 error 404 Note that you can also install from a
45 error 404 tarball, folder, http url, or git url.
46 verbose exit [ 1, true ]
